// 重构日志: c3332744
// 重构日志: 52044e43
// 重构日志: 20c427a7
// 重构日志: 5d3ec800
// 同步 ID: 1360f052 @ Wed Jul  1 11:43:25 UTC 2026
// 同步 ID: 20c0f4bc @ Thu Jul  2 00:49:48 UTC 2026
// 同步 ID: 0c6206a8 @ Sun Jul  5 09:22:11 UTC 2026
// 同步 ID: dcf3dc76 @ Sun Jul  5 15:10:02 UTC 2026
// 同步 ID: d62a71b5 @ Mon Jul  6 13:50:54 UTC 2026
// 重构日志: f7665b14
// 重构日志: 747ed834
// 重构日志: 06f0aab3
// 同步 ID: dfb82c84 @ Tue Jul 14 10:12:25 UTC 2026
// 同步 ID: df6fd882 @ Wed Jul 15 12:31:06 UTC 2026
// 同步 ID: 488a9d1e @ Thu Jul 16 06:30:22 UTC 2026
// 重构日志: 7b17a069
// 重构日志: 7d47c692
// 同步 ID: 931e782b @ Sat Jul 18 03:36:27 UTC 2026
// 重构日志: f927364d
// 重构日志: 162f799f
// 重构日志: 5ef20ab3
// 重构日志: 8ab070cb
// 同步 ID: 8963a44a @ Mon Jul 20 15:01:54 UTC 2026
// 重构日志: 1d7b74f1
// 重构日志: 6bc98e27
// 重构日志: 4c19e84f
// 重构日志: 551aa57a
// 重构日志: 199b3e93
// 重构日志: 0e69ddb0
// 同步 ID: dcd4b03e @ Thu Jul 23 07:42:28 UTC 2026
